<?xml version="1.0" encoding="UTF-8"?>
<testng-results ignored="0" total="2" passed="2" failed="0" skipped="0">
  <reporter-output>
  </reporter-output>
  <suite started-at="2021-10-31T22:01:23 IST" name="Default suite" finished-at="2021-10-31T22:01:42 IST" duration-ms="18806">
    <groups>
    </groups>
    <test started-at="2021-10-31T22:01:23 IST" name="Default test" finished-at="2021-10-31T22:01:42 IST" duration-ms="18806">
      <class name="com.comcast.crm.organizationtest.Demo">
        <test-method is-config="true" signature="configBS()[pri:0, instance:com.comcast.crm.organizationtest.Demo@3e6f3f28]" started-at="2021-10-31T22:01:23 IST" name="configBS" finished-at="2021-10-31T22:01:23 IST" duration-ms="159" status="PASS">
          <reporter-output>
          </reporter-output>
        </test-method> <!-- configBS -->
        <test-method is-config="true" signature="configBT()[pri:0, instance:com.comcast.crm.organizationtest.Demo@3e6f3f28]" started-at="2021-10-31T22:01:23 IST" name="configBT" finished-at="2021-10-31T22:01:23 IST" duration-ms="1" status="PASS">
          <reporter-output>
          </reporter-output>
        </test-method> <!-- configBT -->
        <test-method is-config="true" signature="configBC()[pri:0, instance:com.comcast.crm.organizationtest.Demo@3e6f3f28]" started-at="2021-10-31T22:01:23 IST" name="configBC" finished-at="2021-10-31T22:01:25 IST" duration-ms="1424" status="PASS">
          <reporter-output>
          </reporter-output>
        </test-method> <!-- configBC -->
        <test-method is-config="true" signature="configBM()[pri:0, instance:com.comcast.crm.organizationtest.Demo@3e6f3f28]" started-at="2021-10-31T22:01:25 IST" name="configBM" finished-at="2021-10-31T22:01:28 IST" duration-ms="3817" status="PASS">
          <reporter-output>
          </reporter-output>
        </test-method> <!-- configBM -->
        <test-method signature="aa()[pri:0, instance:com.comcast.crm.organizationtest.Demo@3e6f3f28]" started-at="2021-10-31T22:01:28 IST" name="aa" finished-at="2021-10-31T22:01:29 IST" duration-ms="59" status="PASS">
          <reporter-output>
          </reporter-output>
        </test-method> <!-- aa -->
        <test-method is-config="true" signature="configAM()[pri:0, instance:com.comcast.crm.organizationtest.Demo@3e6f3f28]" started-at="2021-10-31T22:01:29 IST" name="configAM" finished-at="2021-10-31T22:01:33 IST" duration-ms="4097" status="PASS">
          <reporter-output>
          </reporter-output>
        </test-method> <!-- configAM -->
        <test-method is-config="true" signature="configBM()[pri:0, instance:com.comcast.crm.organizationtest.Demo@3e6f3f28]" started-at="2021-10-31T22:01:33 IST" name="configBM" finished-at="2021-10-31T22:01:37 IST" duration-ms="4157" status="PASS">
          <reporter-output>
          </reporter-output>
        </test-method> <!-- configBM -->
        <test-method signature="dd()[pri:0, instance:com.comcast.crm.organizationtest.Demo@3e6f3f28]" started-at="2021-10-31T22:01:37 IST" name="dd" finished-at="2021-10-31T22:01:37 IST" duration-ms="7" status="PASS">
          <reporter-output>
          </reporter-output>
        </test-method> <!-- dd -->
        <test-method is-config="true" signature="configAM()[pri:0, instance:com.comcast.crm.organizationtest.Demo@3e6f3f28]" started-at="2021-10-31T22:01:37 IST" name="configAM" finished-at="2021-10-31T22:01:42 IST" duration-ms="4815" status="PASS">
          <reporter-output>
          </reporter-output>
        </test-method> <!-- configAM -->
        <test-method is-config="true" signature="configAC()[pri:0, instance:com.comcast.crm.organizationtest.Demo@3e6f3f28]" started-at="2021-10-31T22:01:42 IST" name="configAC" finished-at="2021-10-31T22:01:42 IST" duration-ms="296" status="PASS">
          <reporter-output>
          </reporter-output>
        </test-method> <!-- configAC -->
        <test-method is-config="true" signature="configAT()[pri:0, instance:com.comcast.crm.organizationtest.Demo@3e6f3f28]" started-at="2021-10-31T22:01:42 IST" name="configAT" finished-at="2021-10-31T22:01:42 IST" duration-ms="1" status="PASS">
          <reporter-output>
          </reporter-output>
        </test-method> <!-- configAT -->
        <test-method is-config="true" signature="configAS()[pri:0, instance:com.comcast.crm.organizationtest.Demo@3e6f3f28]" started-at="2021-10-31T22:01:42 IST" name="configAS" finished-at="2021-10-31T22:01:42 IST" duration-ms="5" status="PASS">
          <reporter-output>
          </reporter-output>
        </test-method> <!-- configAS -->
      </class> <!-- com.comcast.crm.organizationtest.Demo -->
    </test> <!-- Default test -->
  </suite> <!-- Default suite -->
</testng-results>
